<?xml version="1.0" encoding="UTF-8" ?>
<testsuite 
errors="0" failures="0" hostname="pop-os" name="io.marianasilvago.utils.SudokuFileParserTest" tests="5" time="0.023" timestamp="2022-11-05T12:44:19">
  <properties>
    <property name="java.runtime.name" value="OpenJDK Runtime Environment"/>
    <property
    name="java.vm.version" value="11.0.16+8-post-Ubuntu-0ubuntu122.04"/>
    <property
    name="sun.boot.library.path" value="/usr/lib/jvm/java-11-openjdk-amd64/lib"/>
    <property name="java.vm.vendor" value="Ubuntu"/>
    <property name="java.vendor.url" value="https://ubuntu.com/"/>
    <property name="path.separator" value=":"/>
    <property name="java.vm.name" value="OpenJDK 64-Bit Server VM"/>
    <property name="sun.os.patch.level" value="unknown"/>
    <property name="user.country" value="US"/>
    <property name="sun.java.launcher" value="SUN_STANDARD"/>
    <property
    name="java.vm.specification.name" value="Java Virtual Machine Specification"/>
    <property name="user.dir" value="/home/sentinel/upworks/sudokuvalidator"/>
    <property name="java.vm.compressedOopsMode" value="Zero based"/>
    <property
    name="java.runtime.version" value="11.0.16+8-post-Ubuntu-0ubuntu122.04"/>
    <property
    name="java.awt.graphicsenv" value="sun.awt.X11GraphicsEnvironment"/>
    <property name="basedir" value="/home/sentinel/upworks/sudokuvalidator"/>
    <property name="os.arch" value="amd64"/>
    <property name="java.io.tmpdir" value="/tmp"/>
    <property name="line.separator" value=" "/>
    <property name="java.vm.specification.vendor" value="Oracle Corporation"/>
    <property name="os.name" value="Linux"/>
    <property name="sun.jnu.encoding" value="UTF-8"/>
    <property
    name="java.library.path" value="/usr/java/packages/lib:/usr/lib/x86_64-linux-gnu/jni:/lib/x86_64-linux-gnu:/usr/lib/x86_64-linux-gnu:/usr/lib/jni:/lib:/usr/lib"/>
    <property name="jdk.debug" value="release"/>
    <property name="java.class.version" value="55.0"/>
    <property
    name="java.specification.name" value="Java Platform API Specification"/>
    <property
    name="sun.management.compiler" value="HotSpot 64-Bit Tiered Compilers"/>
    <property name="os.version" value="6.0.3-76060003-generic"/>
    <property name="user.home" value="/home/sentinel"/>
    <property name="user.timezone" value=""/>
    <property name="java.awt.printerjob" value="sun.print.PSPrinterJob"/>
    <property name="file.encoding" value="UTF-8"/>
    <property name="java.specification.version" value="11"/>
    <property name="user.name" value="sentinel"/>
    <property
    name="java.class.path" value="/home/sentinel/upworks/sudokuvalidator/target/test-classes:/home/sentinel/upworks/sudokuvalidator/target/classes:/home/sentinel/.m2/repository/org/scala-lang/scala-library/2.13.10/scala-library-2.13.10.jar:/home/sentinel/.m2/repository/junit/junit/4.13.2/junit-4.13.2.jar:/home/sentinel/.m2/repository/org/hamcrest/hamcrest-core/1.3/hamcrest-core-1.3.jar:/home/sentinel/.m2/repository/org/scalatest/scalatest_2.13/3.2.14/scalatest_2.13-3.2.14.jar:/home/sentinel/.m2/repository/org/scalatest/scalatest-core_2.13/3.2.14/scalatest-core_2.13-3.2.14.jar:/home/sentinel/.m2/repository/org/scalatest/scalatest-compatible/3.2.14/scalatest-compatible-3.2.14.jar:/home/sentinel/.m2/repository/org/scalactic/scalactic_2.13/3.2.14/scalactic_2.13-3.2.14.jar:/home/sentinel/.m2/repository/org/scalatest/scalatest-featurespec_2.13/3.2.14/scalatest-featurespec_2.13-3.2.14.jar:/home/sentinel/.m2/repository/org/scalatest/scalatest-flatspec_2.13/3.2.14/scalatest-flatspec_2.13-3.2.14.jar:/home/sentinel/.m2/repository/org/scalatest/scalatest-freespec_2.13/3.2.14/scalatest-freespec_2.13-3.2.14.jar:/home/sentinel/.m2/repository/org/scalatest/scalatest-funsuite_2.13/3.2.14/scalatest-funsuite_2.13-3.2.14.jar:/home/sentinel/.m2/repository/org/scalatest/scalatest-funspec_2.13/3.2.14/scalatest-funspec_2.13-3.2.14.jar:/home/sentinel/.m2/repository/org/scalatest/scalatest-propspec_2.13/3.2.14/scalatest-propspec_2.13-3.2.14.jar:/home/sentinel/.m2/repository/org/scalatest/scalatest-refspec_2.13/3.2.14/scalatest-refspec_2.13-3.2.14.jar:/home/sentinel/.m2/repository/org/scalatest/scalatest-wordspec_2.13/3.2.14/scalatest-wordspec_2.13-3.2.14.jar:/home/sentinel/.m2/repository/org/scalatest/scalatest-diagrams_2.13/3.2.14/scalatest-diagrams_2.13-3.2.14.jar:/home/sentinel/.m2/repository/org/scalatest/scalatest-matchers-core_2.13/3.2.14/scalatest-matchers-core_2.13-3.2.14.jar:/home/sentinel/.m2/repository/org/scalatest/scalatest-shouldmatchers_2.13/3.2.14/scalatest-shouldmatchers_2.13-3.2.14.jar:/home/sentinel/.m2/repository/org/scalatest/scalatest-mustmatchers_2.13/3.2.14/scalatest-mustmatchers_2.13-3.2.14.jar:/home/sentinel/.m2/repository/org/scala-lang/scala-reflect/2.13.6/scala-reflect-2.13.6.jar:/home/sentinel/.m2/repository/org/specs2/specs2-core_2.13/4.17.0/specs2-core_2.13-4.17.0.jar:/home/sentinel/.m2/repository/org/specs2/specs2-matcher_2.13/4.17.0/specs2-matcher_2.13-4.17.0.jar:/home/sentinel/.m2/repository/org/specs2/specs2-common_2.13/4.17.0/specs2-common_2.13-4.17.0.jar:/home/sentinel/.m2/repository/org/specs2/specs2-fp_2.13/4.17.0/specs2-fp_2.13-4.17.0.jar:/home/sentinel/.m2/repository/org/scala-lang/modules/scala-parser-combinators_2.13/1.1.2/scala-parser-combinators_2.13-1.1.2.jar:/home/sentinel/.m2/repository/org/scala-sbt/test-interface/1.0/test-interface-1.0.jar:/home/sentinel/.m2/repository/org/portable-scala/portable-scala-reflect_2.13/1.1.1/portable-scala-reflect_2.13-1.1.1.jar:/home/sentinel/.m2/repository/org/specs2/specs2-junit_2.13/4.17.0/specs2-junit_2.13-4.17.0.jar:/home/sentinel/.m2/repository/org/scala-lang/modules/scala-xml_2.13/2.1.0/scala-xml_2.13-2.1.0.jar:/home/sentinel/.m2/repository/info/picocli/picocli/4.7.0/picocli-4.7.0.jar"/>
    <property name="java.vm.specification.version" value="11"/>
    <property name="sun.arch.data.model" value="64"/>
    <property
    name="sun.java.command" value="org.scalatest.tools.Runner -R /home/sentinel/upworks/sudokuvalidator/target/classes /home/sentinel/upworks/sudokuvalidator/target/test-classes -o -f /home/sentinel/upworks/sudokuvalidator/target/surefire-reports/TestSuiteReport.txt -u /home/sentinel/upworks/sudokuvalidator/target/surefire-reports/."/>
    <property name="java.home" value="/usr/lib/jvm/java-11-openjdk-amd64"/>
    <property name="user.language" value="en"/>
    <property name="java.specification.vendor" value="Oracle Corporation"/>
    <property name="awt.toolkit" value="sun.awt.X11.XToolkit"/>
    <property name="java.vm.info" value="mixed mode, sharing"/>
    <property name="java.version" value="11.0.16"/>
    <property name="java.vendor" value="Ubuntu"/>
    <property name="file.separator" value="/"/>
    <property name="java.version.date" value="2022-07-19"/>
    <property
    name="java.vendor.url.bug" value="https://bugs.launchpad.net/ubuntu/+source/openjdk-lts"/>
    <property name="sun.io.unicode.encoding" value="UnicodeLittle"/>
    <property name="sun.cpu.endian" value="little"/>
    <property name="sun.desktop" value="gnome"/>
    <property name="sun.cpu.isalist" value=""/>
  </properties>
  <testcase 
  name="Sudoku parser should parse valid sudoku board" classname="io.marianasilvago.utils.SudokuFileParserTest" time="0.016">
</testcase>
  <testcase 
  name="Sudoku parser should throw error on invalid sudoku board with alphabets" classname="io.marianasilvago.utils.SudokuFileParserTest" time="0.003">
</testcase>
  <testcase 
  name="Sudoku parser should throw error on invalid sudoku board with invalid numbers" classname="io.marianasilvago.utils.SudokuFileParserTest" time="0.001">
</testcase>
  <testcase 
  name="Sudoku parser should throw error on invalid sudoku board with negative numbers" classname="io.marianasilvago.utils.SudokuFileParserTest" time="0.001">
</testcase>
  <testcase 
  name="Sudoku parser should throw error on invalid sudoku board with invalid shape" classname="io.marianasilvago.utils.SudokuFileParserTest" time="0.001">
</testcase>
  <system-out><![CDATA[]]></system-out>
  <system-err><![CDATA[]]></system-err>
</testsuite>
